Performing C SOURCE FILE Test CMAKE_HAVE_LIBC_PTHREAD failed with the following output:
Change Dir: /home/ubuntu4/SFND_ws/SFND_Lidar_Obstacle_Detection/build/CMakeFiles/CMakeTmp

Run Build Command(s):/usr/bin/make cmTC_516bd/fast && /usr/bin/make -f CMakeFiles/cmTC_516bd.dir/build.make CMakeFiles/cmTC_516bd.dir/build
make[1]: Entering directory '/home/ubuntu4/SFND_ws/SFND_Lidar_Obstacle_Detection/build/CMakeFiles/CMakeTmp'
Building C object CMakeFiles/cmTC_516bd.dir/src.c.o
/usr/bin/cc   -DCMAKE_HAVE_LIBC_PTHREAD   -o CMakeFiles/cmTC_516bd.dir/src.c.o   -c /home/ubuntu4/SFND_ws/SFND_Lidar_Obstacle_Detection/build/CMakeFiles/CMakeTmp/src.c
Linking C executable cmTC_516bd
/opt/cmake-3.15.0-Linux-x86_64/bin/cmake -E cmake_link_script CMakeFiles/cmTC_516bd.dir/link.txt --verbose=1
/usr/bin/cc  -DCMAKE_HAVE_LIBC_PTHREAD    -rdynamic CMakeFiles/cmTC_516bd.dir/src.c.o  -o cmTC_516bd 
CMakeFiles/cmTC_516bd.dir/src.c.o: In function `main':
src.c:(.text+0x3c): undefined reference to `pthread_create'
src.c:(.text+0x48): undefined reference to `pthread_detach'
src.c:(.text+0x59): undefined reference to `pthread_join'
src.c:(.text+0x6d): undefined reference to `pthread_atfork'
collect2: error: ld returned 1 exit status
CMakeFiles/cmTC_516bd.dir/build.make:86: recipe for target 'cmTC_516bd' failed
make[1]: *** [cmTC_516bd] Error 1
make[1]: Leaving directory '/home/ubuntu4/SFND_ws/SFND_Lidar_Obstacle_Detection/build/CMakeFiles/CMakeTmp'
Makefile:121: recipe for target 'cmTC_516bd/fast' failed
make: *** [cmTC_516bd/fast] Error 2


Source file was:
#include <pthread.h>

void* test_func(void* data)
{
  return data;
}

int main(void)
{
  pthread_t thread;
  pthread_create(&thread, NULL, test_func, NULL);
  pthread_detach(thread);
  pthread_join(thread, NULL);
  pthread_atfork(NULL, NULL, NULL);
  pthread_exit(NULL);

  return 0;
}

Determining if the function pthread_create exists in the pthreads failed with the following output:
Change Dir: /home/ubuntu4/SFND_ws/SFND_Lidar_Obstacle_Detection/build/CMakeFiles/CMakeTmp

Run Build Command(s):/usr/bin/make cmTC_617cf/fast && /usr/bin/make -f CMakeFiles/cmTC_617cf.dir/build.make CMakeFiles/cmTC_617cf.dir/build
make[1]: Entering directory '/home/ubuntu4/SFND_ws/SFND_Lidar_Obstacle_Detection/build/CMakeFiles/CMakeTmp'
Building C object CMakeFiles/cmTC_617cf.dir/CheckFunctionExists.c.o
/usr/bin/cc   -DCHECK_FUNCTION_EXISTS=pthread_create   -o CMakeFiles/cmTC_617cf.dir/CheckFunctionExists.c.o   -c /opt/cmake-3.15.0-Linux-x86_64/share/cmake-3.15/Modules/CheckFunctionExists.c
Linking C executable cmTC_617cf
/opt/cmake-3.15.0-Linux-x86_64/bin/cmake -E cmake_link_script CMakeFiles/cmTC_617cf.dir/link.txt --verbose=1
/usr/bin/cc  -DCHECK_FUNCTION_EXISTS=pthread_create    -rdynamic CMakeFiles/cmTC_617cf.dir/CheckFunctionExists.c.o  -o cmTC_617cf -lpthreads 
/usr/bin/ld: cannot find -lpthreads
collect2: error: ld returned 1 exit status
CMakeFiles/cmTC_617cf.dir/build.make:86: recipe for target 'cmTC_617cf' failed
make[1]: *** [cmTC_617cf] Error 1
make[1]: Leaving directory '/home/ubuntu4/SFND_ws/SFND_Lidar_Obstacle_Detection/build/CMakeFiles/CMakeTmp'
Makefile:121: recipe for target 'cmTC_617cf/fast' failed
make: *** [cmTC_617cf/fast] Error 2



